<?xml version="1.0" encoding="utf-8"?><testsuites name="pytest tests"><testsuite name="pytest" errors="0" failures="0" skipped="0" tests="14" time="1.955" timestamp="2026-06-11T08:01:08.792345+00:00" hostname="agent-env-c5d1956f-58cb-4782-956a-9fc98a22df6a"><testcase classname="backend.tests.test_apple_resubmit_regression.TestWarmupPing" name="test_root_returns_200" time="0.283" /><testcase classname="backend.tests.test_apple_resubmit_regression.TestSupportPage" name="test_api_support_returns_html_with_email" time="0.045" /><testcase classname="backend.tests.test_apple_resubmit_regression.TestSupportPage" name="test_support_content_type_html" time="0.045" /><testcase classname="backend.tests.test_apple_resubmit_regression.TestAuthFlow" name="test_register_returns_token_and_user" time="0.284" /><testcase classname="backend.tests.test_apple_resubmit_regression.TestAuthFlow" name="test_register_duplicate_email_fails" time="0.049" /><testcase classname="backend.tests.test_apple_resubmit_regression.TestAuthFlow" name="test_login_success" time="0.269" /><testcase classname="backend.tests.test_apple_resubmit_regression.TestAuthFlow" name="test_login_wrong_password" time="0.270" /><testcase classname="backend.tests.test_apple_resubmit_regression.TestAuthFlow" name="test_me_returns_current_user" time="0.047" /><testcase classname="backend.tests.test_apple_resubmit_regression.TestAuthFlow" name="test_me_without_token_rejected" time="0.054" /><testcase classname="backend.tests.test_apple_resubmit_regression.TestTodosCRUD" name="test_create_persists" time="0.103" /><testcase classname="backend.tests.test_apple_resubmit_regression.TestTodosCRUD" name="test_list_my_todos" time="0.047" /><testcase classname="backend.tests.test_apple_resubmit_regression.TestTodosCRUD" name="test_toggle_complete" time="0.094" /><testcase classname="backend.tests.test_apple_resubmit_regression.TestTodosCRUD" name="test_delete_todo" time="0.101" /><testcase classname="backend.tests.test_apple_resubmit_regression.TestBadges" name="test_badges_returns_counts" time="0.061" /></testsuite></testsuites>