<?xml version="1.0" encoding="utf-8"?><testsuites name="pytest tests"><testsuite name="pytest" errors="0" failures="0" skipped="0" tests="26" time="4.651" timestamp="2026-05-11T09:23:05.558639+00:00" hostname="agent-env-ef96a1b2-7a5a-43d8-8dfc-680f0a0ba4a9"><testcase classname="backend.tests.backend_test.TestHealth" name="test_root" time="0.225" /><testcase classname="backend.tests.backend_test.TestAuth" name="test_register_creates_user_with_code" time="0.294" /><testcase classname="backend.tests.backend_test.TestAuth" name="test_register_duplicate_email_fails" time="0.067" /><testcase classname="backend.tests.backend_test.TestAuth" name="test_login_invalid_password" time="0.281" /><testcase classname="backend.tests.backend_test.TestAuth" name="test_login_unknown_email" time="0.064" /><testcase classname="backend.tests.backend_test.TestAuth" name="test_login_success_alice" time="0.287" /><testcase classname="backend.tests.backend_test.TestAuth" name="test_get_me" time="0.064" /><testcase classname="backend.tests.backend_test.TestAuth" name="test_get_me_without_token" time="0.125" /><testcase classname="backend.tests.backend_test.TestAuth" name="test_get_me_invalid_token" time="0.110" /><testcase classname="backend.tests.backend_test.TestAuth" name="test_push_token_update" time="0.066" /><testcase classname="backend.tests.backend_test.TestTodos" name="test_create_todo" time="0.349" /><testcase classname="backend.tests.backend_test.TestTodos" name="test_create_todo_requires_auth" time="0.110" /><testcase classname="backend.tests.backend_test.TestTodos" name="test_get_my_todos_contains_created" time="0.072" /><testcase classname="backend.tests.backend_test.TestTodos" name="test_get_my_todos_isolation" time="0.058" /><testcase classname="backend.tests.backend_test.TestTodos" name="test_toggle_complete_owner" time="0.126" /><testcase classname="backend.tests.backend_test.TestSharingAndNotifications" name="test_share_todo_to_alice" time="0.299" /><testcase classname="backend.tests.backend_test.TestSharingAndNotifications" name="test_cannot_share_twice" time="0.064" /><testcase classname="backend.tests.backend_test.TestSharingAndNotifications" name="test_cannot_share_with_self" time="0.071" /><testcase classname="backend.tests.backend_test.TestSharingAndNotifications" name="test_share_invalid_code" time="0.066" /><testcase classname="backend.tests.backend_test.TestSharingAndNotifications" name="test_non_owner_cannot_share" time="0.058" /><testcase classname="backend.tests.backend_test.TestSharingAndNotifications" name="test_shared_with_me_lists_for_alice" time="0.068" /><testcase classname="backend.tests.backend_test.TestSharingAndNotifications" name="test_shared_user_can_toggle_own_completion" time="0.060" /><testcase classname="backend.tests.backend_test.TestSharingAndNotifications" name="test_owner_gets_completion_notification" time="0.568" /><testcase classname="backend.tests.backend_test.TestSharingAndNotifications" name="test_alice_has_shared_notification" time="0.058" /><testcase classname="backend.tests.backend_test.TestSharingAndNotifications" name="test_unread_count_and_mark_all_read" time="0.194" /><testcase classname="backend.tests.backend_test.TestSharingAndNotifications" name="test_delete_todo_owner_only" time="0.618" /></testsuite></testsuites>